{
  "RSpec": {
    "coverage": {
      "/Users/jmiller/turing/3module/sweater_weather/app/models/location.rb": [
        1,
        1,
        null
      ],
      "/Users/jmiller/turing/3module/sweater_weather/app/models/application_record.rb": [
        1,
        1,
        null
      ],
      "/Users/jmiller/turing/3module/sweater_weather/app/controllers/api/v1/background_controller.rb": [
        1,
        1,
        1,
        null,
        null
      ],
      "/Users/jmiller/turing/3module/sweater_weather/app/controllers/application_controller.rb": [
        1,
        null
      ],
      "/Users/jmiller/turing/3module/sweater_weather/app/services/background.rb": [
        1,
        1,
        1,
        null,
        null,
        1,
        1,
        null,
        null,
        1,
        null,
        1,
        null,
        1,
        1,
        1,
        1,
        1,
        1,
        null,
        null,
        1,
        1,
        1,
        null,
        null
      ],
      "/Users/jmiller/turing/3module/sweater_weather/app/controllers/api/v1/coordinates_controller.rb": [
        1,
        1,
        1,
        null,
        null
      ],
      "/Users/jmiller/turing/3module/sweater_weather/app/facades/location_facade.rb": [
        1,
        1,
        2,
        2,
        2,
        2,
        2,
        2,
        2,
        null,
        null
      ],
      "/Users/jmiller/turing/3module/sweater_weather/app/services/geocoder.rb": [
        1,
        1,
        2,
        null,
        null,
        1,
        2,
        null,
        null,
        1,
        null,
        1,
        null,
        2,
        2,
        2,
        2,
        null,
        null,
        1,
        2,
        2,
        null,
        null
      ],
      "/Users/jmiller/turing/3module/sweater_weather/app/controllers/api/v1/forecast_controller.rb": [
        1,
        1,
        1,
        null,
        null
      ],
      "/Users/jmiller/turing/3module/sweater_weather/app/facades/forecast_facade.rb": [
        1,
        1,
        1,
        1,
        null,
        null,
        null,
        null,
        1,
        null,
        null
      ],
      "/Users/jmiller/turing/3module/sweater_weather/app/services/dark_sky.rb": [
        1,
        1,
        1,
        1,
        null,
        null,
        1,
        1,
        null,
        null,
        1,
        null,
        1,
        null,
        1,
        1,
        null,
        null,
        1,
        1,
        1,
        null,
        null
      ],
      "/Users/jmiller/turing/3module/sweater_weather/app/mailers/application_mailer.rb": [
        0,
        0,
        0,
        0
      ],
      "/Users/jmiller/turing/3module/sweater_weather/app/serializers/coord_serializer.rb": [
        0,
        0,
        0,
        0
      ],
      "/Users/jmiller/turing/3module/sweater_weather/app/serializers/background_serializer.rb": [
        0,
        0,
        0,
        0
      ],
      "/Users/jmiller/turing/3module/sweater_weather/app/serializers/forecast_serializer.rb": [
        0,
        0,
        0,
        0
      ],
      "/Users/jmiller/turing/3module/sweater_weather/app/jobs/application_job.rb": [
        0,
        0
      ],
      "/Users/jmiller/turing/3module/sweater_weather/app/channels/application_cable/connection.rb": [
        0,
        0,
        0,
        0
      ],
      "/Users/jmiller/turing/3module/sweater_weather/app/channels/application_cable/channel.rb": [
        0,
        0,
        0,
        0
      ]
    },
    "timestamp": 1568532772
  }
}
